{"/Users/nacho/WebstormProjects/test_co/src/CarInsurance.js":{"path":"/Users/nacho/WebstormProjects/test_co/src/CarInsurance.js","s":{"1":1,"2":1,"3":1,"4":1,"5":1,"6":22,"7":1,"8":21,"9":21,"10":13,"11":1,"12":21,"13":1,"14":20,"15":16,"16":1,"17":15,"18":1,"19":14,"20":1,"21":13,"22":12,"23":12,"24":12,"25":12,"26":2,"27":2,"28":1,"29":1,"30":2,"31":1,"32":4,"33":1,"34":3,"35":1,"36":2,"37":1,"38":1,"39":4,"40":4,"41":2,"42":2,"43":1,"44":1,"45":2,"46":3,"47":3,"48":1,"49":2,"50":1},"b":{"1":[1,21],"2":[1,20],"3":[1,15],"4":[1,14],"5":[15,3],"6":[1,13],"7":[14,2],"8":[2,1,4,2,3],"9":[1,1],"10":[1,3],"11":[1,2],"12":[1,1],"13":[1,1],"14":[1,2]},"f":{"1":22,"2":1,"3":21,"4":12,"5":12},"fnMap":{"1":{"name":"(anonymous_1)","line":11,"loc":{"start":{"line":11,"column":2},"end":{"line":11,"column":29}}},"2":{"name":"(anonymous_2)","line":21,"loc":{"start":{"line":21,"column":2},"end":{"line":21,"column":15}}},"3":{"name":"(anonymous_3)","line":25,"loc":{"start":{"line":25,"column":2},"end":{"line":25,"column":20}}},"4":{"name":"(anonymous_4)","line":42,"loc":{"start":{"line":42,"column":2},"end":{"line":42,"column":17}}},"5":{"name":"(anonymous_5)","line":49,"loc":{"start":{"line":49,"column":2},"end":{"line":49,"column":35}}}},"statementMap":{"1":{"start":{"line":3,"column":0},"end":{"line":3,"column":0}},"2":{"start":{"line":4,"column":0},"end":{"line":4,"column":0}},"3":{"start":{"line":6,"column":0},"end":{"line":6,"column":0}},"4":{"start":{"line":7,"column":0},"end":{"line":7,"column":0}},"5":{"start":{"line":8,"column":0},"end":{"line":8,"column":0}},"6":{"start":{"line":12,"column":4},"end":{"line":14,"column":5}},"7":{"start":{"line":13,"column":6},"end":{"line":13,"column":6}},"8":{"start":{"line":15,"column":4},"end":{"line":15,"column":4}},"9":{"start":{"line":16,"column":6},"end":{"line":16,"column":6}},"10":{"start":{"line":18,"column":4},"end":{"line":18,"column":4}},"11":{"start":{"line":22,"column":4},"end":{"line":22,"column":4}},"12":{"start":{"line":26,"column":4},"end":{"line":28,"column":5}},"13":{"start":{"line":27,"column":6},"end":{"line":27,"column":6}},"14":{"start":{"line":29,"column":4},"end":{"line":29,"column":4}},"15":{"start":{"line":30,"column":4},"end":{"line":32,"column":5}},"16":{"start":{"line":31,"column":6},"end":{"line":31,"column":6}},"17":{"start":{"line":33,"column":4},"end":{"line":35,"column":5}},"18":{"start":{"line":34,"column":6},"end":{"line":34,"column":6}},"19":{"start":{"line":36,"column":4},"end":{"line":38,"column":5}},"20":{"start":{"line":37,"column":6},"end":{"line":37,"column":6}},"21":{"start":{"line":39,"column":4},"end":{"line":39,"column":4}},"22":{"start":{"line":43,"column":4},"end":{"line":43,"column":4}},"23":{"start":{"line":44,"column":6},"end":{"line":44,"column":6}},"24":{"start":{"line":46,"column":4},"end":{"line":46,"column":4}},"25":{"start":{"line":50,"column":4},"end":{"line":50,"column":4}},"26":{"start":{"line":52,"column":8},"end":{"line":52,"column":8}},"27":{"start":{"line":53,"column":8},"end":{"line":57,"column":9}},"28":{"start":{"line":54,"column":10},"end":{"line":54,"column":10}},"29":{"start":{"line":56,"column":10},"end":{"line":56,"column":10}},"30":{"start":{"line":58,"column":8},"end":{"line":58,"column":8}},"31":{"start":{"line":60,"column":8},"end":{"line":60,"column":8}},"32":{"start":{"line":62,"column":8},"end":{"line":70,"column":9}},"33":{"start":{"line":63,"column":10},"end":{"line":63,"column":10}},"34":{"start":{"line":64,"column":15},"end":{"line":70,"column":9}},"35":{"start":{"line":65,"column":10},"end":{"line":65,"column":10}},"36":{"start":{"line":66,"column":15},"end":{"line":70,"column":9}},"37":{"start":{"line":67,"column":10},"end":{"line":67,"column":10}},"38":{"start":{"line":69,"column":10},"end":{"line":69,"column":10}},"39":{"start":{"line":71,"column":8},"end":{"line":71,"column":8}},"40":{"start":{"line":72,"column":8},"end":{"line":72,"column":8}},"41":{"start":{"line":74,"column":8},"end":{"line":74,"column":8}},"42":{"start":{"line":75,"column":8},"end":{"line":79,"column":9}},"43":{"start":{"line":76,"column":10},"end":{"line":76,"column":10}},"44":{"start":{"line":78,"column":10},"end":{"line":78,"column":10}},"45":{"start":{"line":80,"column":8},"end":{"line":80,"column":8}},"46":{"start":{"line":82,"column":8},"end":{"line":82,"column":8}},"47":{"start":{"line":83,"column":8},"end":{"line":87,"column":9}},"48":{"start":{"line":84,"column":10},"end":{"line":84,"column":10}},"49":{"start":{"line":86,"column":10},"end":{"line":86,"column":10}},"50":{"start":{"line":92,"column":0},"end":{"line":92,"column":0}}},"branchMap":{"1":{"line":12,"type":"if","locations":[{"start":{"line":12,"column":4},"end":{"line":12,"column":4}},{"start":{"line":12,"column":4},"end":{"line":12,"column":4}}]},"2":{"line":26,"type":"if","locations":[{"start":{"line":26,"column":4},"end":{"line":26,"column":4}},{"start":{"line":26,"column":4},"end":{"line":26,"column":4}}]},"3":{"line":30,"type":"if","locations":[{"start":{"line":30,"column":4},"end":{"line":30,"column":4}},{"start":{"line":30,"column":4},"end":{"line":30,"column":4}}]},"4":{"line":33,"type":"if","locations":[{"start":{"line":33,"column":4},"end":{"line":33,"column":4}},{"start":{"line":33,"column":4},"end":{"line":33,"column":4}}]},"5":{"line":33,"type":"binary-expr","locations":[{"start":{"line":33,"column":8},"end":{"line":33,"column":8}},{"start":{"line":33,"column":43},"end":{"line":33,"column":4}}]},"6":{"line":36,"type":"if","locations":[{"start":{"line":36,"column":4},"end":{"line":36,"column":4}},{"start":{"line":36,"column":4},"end":{"line":36,"column":4}}]},"7":{"line":36,"type":"binary-expr","locations":[{"start":{"line":36,"column":8},"end":{"line":36,"column":8}},{"start":{"line":36,"column":44},"end":{"line":36,"column":4}}]},"8":{"line":50,"type":"switch","locations":[{"start":{"line":51,"column":6},"end":{"line":58,"column":8}},{"start":{"line":59,"column":6},"end":{"line":60,"column":8}},{"start":{"line":61,"column":6},"end":{"line":72,"column":8}},{"start":{"line":73,"column":6},"end":{"line":80,"column":8}},{"start":{"line":81,"column":6},"end":{"line":87,"column":9}}]},"9":{"line":53,"type":"if","locations":[{"start":{"line":53,"column":8},"end":{"line":53,"column":8}},{"start":{"line":53,"column":8},"end":{"line":53,"column":8}}]},"10":{"line":62,"type":"if","locations":[{"start":{"line":62,"column":8},"end":{"line":62,"column":8}},{"start":{"line":62,"column":8},"end":{"line":62,"column":8}}]},"11":{"line":64,"type":"if","locations":[{"start":{"line":64,"column":15},"end":{"line":64,"column":15}},{"start":{"line":64,"column":15},"end":{"line":64,"column":15}}]},"12":{"line":66,"type":"if","locations":[{"start":{"line":66,"column":15},"end":{"line":66,"column":15}},{"start":{"line":66,"column":15},"end":{"line":66,"column":15}}]},"13":{"line":75,"type":"if","locations":[{"start":{"line":75,"column":8},"end":{"line":75,"column":8}},{"start":{"line":75,"column":8},"end":{"line":75,"column":8}}]},"14":{"line":83,"type":"if","locations":[{"start":{"line":83,"column":8},"end":{"line":83,"column":8}},{"start":{"line":83,"column":8},"end":{"line":83,"column":8}}]}}},"/Users/nacho/WebstormProjects/test_co/src/Product.js":{"path":"/Users/nacho/WebstormProjects/test_co/src/Product.js","s":{"1":1,"2":24,"3":24,"4":24,"5":20,"6":1,"7":19,"8":1,"9":18,"10":1,"11":17,"12":1,"13":1},"b":{"1":[1,19],"2":[1,18],"3":[1,17],"4":[1,16]},"f":{"1":24,"2":20},"fnMap":{"1":{"name":"(anonymous_1)","line":7,"loc":{"start":{"line":7,"column":2},"end":{"line":7,"column":35}}},"2":{"name":"(anonymous_2)","line":14,"loc":{"start":{"line":13,"column":2},"end":{"line":13,"column":13}}}},"statementMap":{"1":{"start":{"line":3,"column":0},"end":{"line":3,"column":0}},"2":{"start":{"line":8,"column":4},"end":{"line":8,"column":4}},"3":{"start":{"line":9,"column":4},"end":{"line":9,"column":4}},"4":{"start":{"line":10,"column":4},"end":{"line":10,"column":4}},"5":{"start":{"line":14,"column":4},"end":{"line":16,"column":5}},"6":{"start":{"line":15,"column":6},"end":{"line":15,"column":6}},"7":{"start":{"line":17,"column":4},"end":{"line":17,"column":41}},"8":{"start":{"line":17,"column":41},"end":{"line":17,"column":41}},"9":{"start":{"line":18,"column":4},"end":{"line":22,"column":5}},"10":{"start":{"line":19,"column":6},"end":{"line":19,"column":6}},"11":{"start":{"line":20,"column":11},"end":{"line":22,"column":5}},"12":{"start":{"line":21,"column":6},"end":{"line":21,"column":6}},"13":{"start":{"line":26,"column":0},"end":{"line":26,"column":0}}},"branchMap":{"1":{"line":15,"type":"if","locations":[{"start":{"line":14,"column":4},"end":{"line":14,"column":4}},{"start":{"line":14,"column":4},"end":{"line":14,"column":4}}]},"2":{"line":18,"type":"if","locations":[{"start":{"line":17,"column":4},"end":{"line":17,"column":4}},{"start":{"line":17,"column":4},"end":{"line":17,"column":4}}]},"3":{"line":19,"type":"if","locations":[{"start":{"line":18,"column":4},"end":{"line":18,"column":4}},{"start":{"line":18,"column":4},"end":{"line":18,"column":4}}]},"4":{"line":21,"type":"if","locations":[{"start":{"line":20,"column":11},"end":{"line":20,"column":11}},{"start":{"line":20,"column":11},"end":{"line":20,"column":11}}]}}}}