TN:
SF:/Users/nacho/WebstormProjects/test_co/src/CarInsurance.js
FN:11,(anonymous_1)
FN:21,(anonymous_2)
FN:25,(anonymous_3)
FN:42,(anonymous_4)
FN:49,(anonymous_5)
FNF:5
FNH:5
FNDA:22,(anonymous_1)
FNDA:1,(anonymous_2)
FNDA:21,(anonymous_3)
FNDA:12,(anonymous_4)
FNDA:12,(anonymous_5)
DA:3,1
DA:4,1
DA:6,1
DA:7,1
DA:8,1
DA:12,22
DA:13,1
DA:15,21
DA:16,21
DA:18,13
DA:22,1
DA:26,21
DA:27,1
DA:29,20
DA:30,16
DA:31,1
DA:33,15
DA:34,1
DA:36,14
DA:37,1
DA:39,13
DA:43,12
DA:44,12
DA:46,12
DA:50,12
DA:52,2
DA:53,2
DA:54,1
DA:56,1
DA:58,2
DA:60,1
DA:62,4
DA:63,1
DA:64,3
DA:65,1
DA:66,2
DA:67,1
DA:69,1
DA:71,4
DA:72,4
DA:74,2
DA:75,2
DA:76,1
DA:78,1
DA:80,2
DA:82,3
DA:83,3
DA:84,1
DA:86,2
DA:92,1
LF:50
LH:50
BRDA:12,1,0,1
BRDA:12,1,1,21
BRDA:26,2,0,1
BRDA:26,2,1,20
BRDA:30,3,0,1
BRDA:30,3,1,15
BRDA:33,4,0,1
BRDA:33,4,1,14
BRDA:33,5,0,15
BRDA:33,5,1,3
BRDA:36,6,0,1
BRDA:36,6,1,13
BRDA:36,7,0,14
BRDA:36,7,1,2
BRDA:50,8,0,2
BRDA:50,8,1,1
BRDA:50,8,2,4
BRDA:50,8,3,2
BRDA:50,8,4,3
BRDA:53,9,0,1
BRDA:53,9,1,1
BRDA:62,10,0,1
BRDA:62,10,1,3
BRDA:64,11,0,1
BRDA:64,11,1,2
BRDA:66,12,0,1
BRDA:66,12,1,1
BRDA:75,13,0,1
BRDA:75,13,1,1
BRDA:83,14,0,1
BRDA:83,14,1,2
BRF:31
BRH:31
end_of_record
TN:
SF:/Users/nacho/WebstormProjects/test_co/src/Product.js
FN:7,(anonymous_1)
FN:14,(anonymous_2)
FNF:2
FNH:2
FNDA:24,(anonymous_1)
FNDA:20,(anonymous_2)
DA:3,1
DA:8,24
DA:9,24
DA:10,24
DA:14,20
DA:15,1
DA:17,19
DA:18,18
DA:19,1
DA:20,17
DA:21,1
DA:26,1
LF:12
LH:12
BRDA:15,1,0,1
BRDA:15,1,1,19
BRDA:18,2,0,1
BRDA:18,2,1,18
BRDA:19,3,0,1
BRDA:19,3,1,17
BRDA:21,4,0,1
BRDA:21,4,1,16
BRF:8
BRH:8
end_of_record
